<?xml version="1.0" encoding="UTF-8"?>
<!-- Generated by org.testng.reporters.JUnitReportReporter -->
<testsuite hostname="Bartleonid-PC" name="TestLogin" tests="8" failures="0" timestamp="27 Apr 2017 12:40:05 GMT" time="316.297" errors="0">
  <testcase name="verifyAdminLogin" time="46.482" classname="TestLogin"/>
  <testcase name="verifyAdminLogin" time="34.434" classname="TestLogin"/>
  <testcase name="verifyAdminLogin" time="32.004" classname="TestLogin"/>
  <testcase name="verifyAdminLogin" time="43.122" classname="TestLogin"/>
  <testcase name="verifyAdminLogin" time="66.371" classname="TestLogin"/>
  <testcase name="verifyAdminLogin" time="28.755" classname="TestLogin"/>
  <testcase name="verifyAdminLogin" time="30.310" classname="TestLogin"/>
  <testcase name="verifyAdminLogin" time="34.819" classname="TestLogin"/>
</testsuite> <!-- TestLogin -->
