<?xml version="1.0" encoding="UTF-8"?>
<!-- Generated by org.testng.reporters.JUnitReportReporter -->
<testsuite hostname="Bartleonid-PC" name="TestSubmittForm" tests="2" failures="0" timestamp="15 May 2017 06:13:51 GMT" time="19.173" errors="0">
  <testcase name="emailConfirmation" time="4.302" classname="TestSubmittForm"/>
  <testcase name="verifyContactSupport" time="14.871" classname="TestSubmittForm"/>
</testsuite> <!-- TestSubmittForm -->
