<?xml version="1.0" encoding="UTF-8"?>
<!-- Generated by org.testng.reporters.JUnitReportReporter -->
<testsuite hostname="Bartleonid-PC" name="TestEmailConfirmation" tests="1" failures="0" timestamp="14 May 2017 18:26:37 GMT" time="6.273" errors="0">
  <testcase name="emailConfirmation" time="6.273" classname="TestEmailConfirmation"/>
</testsuite> <!-- TestEmailConfirmation -->
