<?xml version="1.0" encoding="UTF-8"?>
<!-- Generated by org.testng.reporters.JUnitReportReporter -->
<testsuite hostname="Bartleonid-PC" name="com.adsy.TestSubmittForm.TestSubmittForm" tests="2" failures="0" timestamp="15 May 2017 06:23:02 GMT" time="17.397" errors="0">
  <testcase name="emailConfirmation" time="5.904" classname="com.adsy.TestSubmittForm.TestSubmittForm"/>
  <testcase name="verifyContactSupport" time="11.493" classname="com.adsy.TestSubmittForm.TestSubmittForm"/>
</testsuite> <!-- com.adsy.TestSubmittForm.TestSubmittForm -->
